<?xml version="1.0" encoding="UTF-8"?>
<coverage generated="1585415939983" clover="3.2.0">
  <project timestamp="1585415939983" name="All files">
    <metrics statements="43" coveredstatements="43" conditionals="2" coveredconditionals="1" methods="3" coveredmethods="3" elements="48" coveredelements="47" complexity="0" loc="43" ncloc="43" packages="5" files="6" classes="6"/>
    <package name="backend">
      <metrics statements="1" coveredstatements="1" conditionals="0" coveredconditionals="0" methods="0" coveredmethods="0"/>
      <file name="knexfile.js" path="D:\Dev\be-the-hero\backend\knexfile.js">
        <metrics statements="1" coveredstatements="1" conditionals="0" coveredconditionals="0" methods="0" coveredmethods="0"/>
        <line num="3" count="4" type="stmt"/>
      </file>
    </package>
    <package name="backend.src">
      <metrics statements="25" coveredstatements="25" conditionals="0" coveredconditionals="0" methods="0" coveredmethods="0"/>
      <file name="app.js" path="D:\Dev\be-the-hero\backend\src\app.js">
        <metrics statements="10" coveredstatements="10" conditionals="0" coveredconditionals="0" methods="0" coveredmethods="0"/>
        <line num="1" count="4" type="stmt"/>
        <line num="2" count="4" type="stmt"/>
        <line num="3" count="4" type="stmt"/>
        <line num="4" count="4" type="stmt"/>
        <line num="6" count="4" type="stmt"/>
        <line num="7" count="4" type="stmt"/>
        <line num="8" count="4" type="stmt"/>
        <line num="9" count="4" type="stmt"/>
        <line num="10" count="4" type="stmt"/>
        <line num="12" count="4" type="stmt"/>
      </file>
      <file name="routes.js" path="D:\Dev\be-the-hero\backend\src\routes.js">
        <metrics statements="15" coveredstatements="15" conditionals="0" coveredconditionals="0" methods="0" coveredmethods="0"/>
        <line num="1" count="4" type="stmt"/>
        <line num="2" count="4" type="stmt"/>
        <line num="4" count="4" type="stmt"/>
        <line num="5" count="4" type="stmt"/>
        <line num="6" count="4" type="stmt"/>
        <line num="7" count="4" type="stmt"/>
        <line num="9" count="4" type="stmt"/>
        <line num="11" count="4" type="stmt"/>
        <line num="17" count="4" type="stmt"/>
        <line num="18" count="4" type="stmt"/>
        <line num="28" count="4" type="stmt"/>
        <line num="33" count="4" type="stmt"/>
        <line num="43" count="4" type="stmt"/>
        <line num="49" count="4" type="stmt"/>
        <line num="55" count="4" type="stmt"/>
      </file>
    </package>
    <package name="backend.src.controllers">
      <metrics statements="9" coveredstatements="9" conditionals="0" coveredconditionals="0" methods="2" coveredmethods="2"/>
      <file name="OngController.js" path="D:\Dev\be-the-hero\backend\src\controllers\OngController.js">
        <metrics statements="9" coveredstatements="9" conditionals="0" coveredconditionals="0" methods="2" coveredmethods="2"/>
        <line num="1" count="4" type="stmt"/>
        <line num="2" count="4" type="stmt"/>
        <line num="4" count="4" type="stmt"/>
        <line num="6" count="1" type="stmt"/>
        <line num="7" count="1" type="stmt"/>
        <line num="11" count="6" type="stmt"/>
        <line num="13" count="6" type="stmt"/>
        <line num="15" count="6" type="stmt"/>
        <line num="23" count="2" type="stmt"/>
      </file>
    </package>
    <package name="backend.src.database">
      <metrics statements="5" coveredstatements="5" conditionals="2" coveredconditionals="1" methods="0" coveredmethods="0"/>
      <file name="connection.js" path="D:\Dev\be-the-hero\backend\src\database\connection.js">
        <metrics statements="5" coveredstatements="5" conditionals="2" coveredconditionals="1" methods="0" coveredmethods="0"/>
        <line num="1" count="4" type="stmt"/>
        <line num="2" count="4" type="stmt"/>
        <line num="4" count="4" type="cond" truecount="1" falsecount="1"/>
        <line num="6" count="4" type="stmt"/>
        <line num="8" count="4" type="stmt"/>
      </file>
    </package>
    <package name="backend.src.utils">
      <metrics statements="3" coveredstatements="3" conditionals="0" coveredconditionals="0" methods="1" coveredmethods="1"/>
      <file name="generateUniqueId.js" path="D:\Dev\be-the-hero\backend\src\utils\generateUniqueId.js">
        <metrics statements="3" coveredstatements="3" conditionals="0" coveredconditionals="0" methods="1" coveredmethods="1"/>
        <line num="1" count="5" type="stmt"/>
        <line num="3" count="5" type="stmt"/>
        <line num="4" count="7" type="stmt"/>
      </file>
    </package>
  </project>
</coverage>
