{"D:\\Dev\\be-the-hero\\backend\\knexfile.js": {"path":"D:\\Dev\\be-the-hero\\backend\\knexfile.js","statementMap":{"0":{"start":{"line":3,"column":0},"end":{"line":59,"column":2}}},"fnMap":{},"branchMap":{},"s":{"0":4},"f":{},"b":{},"_coverageSchema":"1a1c01bbd47fc00a2c39e90264f33305004495a9","hash":"1e6b336000c48ec050a4e03062643cdc063ff7c6"}
,"D:\\Dev\\be-the-hero\\backend\\src\\app.js": {"path":"D:\\Dev\\be-the-hero\\backend\\src\\app.js","statementMap":{"0":{"start":{"line":1,"column":16},"end":{"line":1,"column":34}},"1":{"start":{"line":2,"column":15},"end":{"line":2,"column":34}},"2":{"start":{"line":3,"column":19},"end":{"line":3,"column":39}},"3":{"start":{"line":4,"column":13},"end":{"line":4,"column":28}},"4":{"start":{"line":6,"column":12},"end":{"line":6,"column":21}},"5":{"start":{"line":7,"column":0},"end":{"line":7,"column":16}},"6":{"start":{"line":8,"column":0},"end":{"line":8,"column":24}},"7":{"start":{"line":9,"column":0},"end":{"line":9,"column":16}},"8":{"start":{"line":10,"column":0},"end":{"line":10,"column":18}},"9":{"start":{"line":12,"column":0},"end":{"line":12,"column":21}}},"fnMap":{},"branchMap":{},"s":{"0":4,"1":4,"2":4,"3":4,"4":4,"5":4,"6":4,"7":4,"8":4,"9":4},"f":{},"b":{},"_coverageSchema":"1a1c01bbd47fc00a2c39e90264f33305004495a9","hash":"bb52abca58a1d5f7139b6e1d0f54f4b69aa57cc4"}
,"D:\\Dev\\be-the-hero\\backend\\src\\routes.js": {"path":"D:\\Dev\\be-the-hero\\backend\\src\\routes.js","statementMap":{"0":{"start":{"line":1,"column":16},"end":{"line":1,"column":34}},"1":{"start":{"line":2,"column":37},"end":{"line":2,"column":57}},"2":{"start":{"line":4,"column":22},"end":{"line":4,"column":60}},"3":{"start":{"line":5,"column":28},"end":{"line":5,"column":72}},"4":{"start":{"line":6,"column":26},"end":{"line":6,"column":68}},"5":{"start":{"line":7,"column":26},"end":{"line":7,"column":68}},"6":{"start":{"line":9,"column":15},"end":{"line":9,"column":31}},"7":{"start":{"line":11,"column":0},"end":{"line":15,"column":30}},"8":{"start":{"line":17,"column":0},"end":{"line":17,"column":41}},"9":{"start":{"line":18,"column":0},"end":{"line":26,"column":26}},"10":{"start":{"line":28,"column":0},"end":{"line":32,"column":31}},"11":{"start":{"line":33,"column":0},"end":{"line":42,"column":32}},"12":{"start":{"line":43,"column":0},"end":{"line":47,"column":32}},"13":{"start":{"line":49,"column":0},"end":{"line":53,"column":29}},"14":{"start":{"line":55,"column":0},"end":{"line":55,"column":24}}},"fnMap":{},"branchMap":{},"s":{"0":4,"1":4,"2":4,"3":4,"4":4,"5":4,"6":4,"7":4,"8":4,"9":4,"10":4,"11":4,"12":4,"13":4,"14":4},"f":{},"b":{},"_coverageSchema":"1a1c01bbd47fc00a2c39e90264f33305004495a9","hash":"0c9d0422c9f9478b59cc0b263ae058e46c974572"}
,"D:\\Dev\\be-the-hero\\backend\\src\\controllers\\OngController.js": {"path":"D:\\Dev\\be-the-hero\\backend\\src\\controllers\\OngController.js","statementMap":{"0":{"start":{"line":1,"column":19},"end":{"line":1,"column":52}},"1":{"start":{"line":2,"column":25},"end":{"line":2,"column":61}},"2":{"start":{"line":4,"column":0},"end":{"line":25,"column":2}},"3":{"start":{"line":6,"column":17},"end":{"line":6,"column":53}},"4":{"start":{"line":7,"column":4},"end":{"line":7,"column":31}},"5":{"start":{"line":11,"column":48},"end":{"line":11,"column":60}},"6":{"start":{"line":13,"column":15},"end":{"line":13,"column":33}},"7":{"start":{"line":15,"column":4},"end":{"line":22,"column":6}},"8":{"start":{"line":23,"column":4},"end":{"line":23,"column":33}}},"fnMap":{"0":{"name":"(anonymous_0)","decl":{"start":{"line":5,"column":2},"end":{"line":5,"column":3}},"loc":{"start":{"line":5,"column":34},"end":{"line":8,"column":3}},"line":5},"1":{"name":"(anonymous_1)","decl":{"start":{"line":10,"column":2},"end":{"line":10,"column":3}},"loc":{"start":{"line":10,"column":35},"end":{"line":24,"column":3}},"line":10}},"branchMap":{},"s":{"0":4,"1":4,"2":4,"3":1,"4":1,"5":6,"6":6,"7":6,"8":2},"f":{"0":1,"1":6},"b":{},"_coverageSchema":"1a1c01bbd47fc00a2c39e90264f33305004495a9","hash":"2f338fcbbd5d6c41419b6670edb1e47531fcf158"}
,"D:\\Dev\\be-the-hero\\backend\\src\\database\\connection.js": {"path":"D:\\Dev\\be-the-hero\\backend\\src\\database\\connection.js","statementMap":{"0":{"start":{"line":1,"column":13},"end":{"line":1,"column":28}},"1":{"start":{"line":2,"column":22},"end":{"line":2,"column":47}},"2":{"start":{"line":4,"column":15},"end":{"line":4,"column":95}},"3":{"start":{"line":6,"column":19},"end":{"line":6,"column":31}},"4":{"start":{"line":8,"column":0},"end":{"line":8,"column":28}}},"fnMap":{},"branchMap":{"0":{"loc":{"start":{"line":4,"column":15},"end":{"line":4,"column":95}},"type":"cond-expr","locations":[{"start":{"line":4,"column":49},"end":{"line":4,"column":67}},{"start":{"line":4,"column":70},"end":{"line":4,"column":95}}],"line":4}},"s":{"0":4,"1":4,"2":4,"3":4,"4":4},"f":{},"b":{"0":[4,0]},"_coverageSchema":"1a1c01bbd47fc00a2c39e90264f33305004495a9","hash":"a465f7ac1a0f15ddc5688feefabc43d4a4d84eef"}
,"D:\\Dev\\be-the-hero\\backend\\src\\utils\\generateUniqueId.js": {"path":"D:\\Dev\\be-the-hero\\backend\\src\\utils\\generateUniqueId.js","statementMap":{"0":{"start":{"line":1,"column":15},"end":{"line":1,"column":32}},"1":{"start":{"line":3,"column":0},"end":{"line":5,"column":1}},"2":{"start":{"line":4,"column":2},"end":{"line":4,"column":47}}},"fnMap":{"0":{"name":"generateUniqueId","decl":{"start":{"line":3,"column":26},"end":{"line":3,"column":42}},"loc":{"start":{"line":3,"column":45},"end":{"line":5,"column":1}},"line":3}},"branchMap":{},"s":{"0":5,"1":5,"2":7},"f":{"0":7},"b":{},"_coverageSchema":"1a1c01bbd47fc00a2c39e90264f33305004495a9","hash":"48d09b6e9c4292a29450f5f0b55b7e8a3352d1b4"}
}
