TN:
SF:knexfile.js
FNF:0
FNH:0
DA:3,4
LF:1
LH:1
BRF:0
BRH:0
end_of_record
TN:
SF:src\app.js
FNF:0
FNH:0
DA:1,4
DA:2,4
DA:3,4
DA:4,4
DA:6,4
DA:7,4
DA:8,4
DA:9,4
DA:10,4
DA:12,4
LF:10
LH:10
BRF:0
BRH:0
end_of_record
TN:
SF:src\routes.js
FNF:0
FNH:0
DA:1,4
DA:2,4
DA:4,4
DA:5,4
DA:6,4
DA:7,4
DA:9,4
DA:11,4
DA:17,4
DA:18,4
DA:28,4
DA:33,4
DA:43,4
DA:49,4
DA:55,4
LF:15
LH:15
BRF:0
BRH:0
end_of_record
TN:
SF:src\controllers\OngController.js
FN:5,(anonymous_0)
FN:10,(anonymous_1)
FNF:2
FNH:2
FNDA:1,(anonymous_0)
FNDA:6,(anonymous_1)
DA:1,4
DA:2,4
DA:4,4
DA:6,1
DA:7,1
DA:11,6
DA:13,6
DA:15,6
DA:23,2
LF:9
LH:9
BRF:0
BRH:0
end_of_record
TN:
SF:src\database\connection.js
FNF:0
FNH:0
DA:1,4
DA:2,4
DA:4,4
DA:6,4
DA:8,4
LF:5
LH:5
BRDA:4,0,0,4
BRDA:4,0,1,0
BRF:2
BRH:1
end_of_record
TN:
SF:src\utils\generateUniqueId.js
FN:3,generateUniqueId
FNF:1
FNH:1
FNDA:7,generateUniqueId
DA:1,5
DA:3,5
DA:4,7
LF:3
LH:3
BRF:0
BRH:0
end_of_record
